<?xml version="1.0" encoding="UTF-8"?>
<testsuite name="io.fabianterhorst.isometric.ShapeTest" tests="3" skipped="0" failures="0" errors="0" timestamp="2026-01-03T11:04:04" hostname="DRAGON" time="0.0">
  <properties/>
  <testcase name="orderedPaths sorts by depth" classname="io.fabianterhorst.isometric.ShapeTest" time="0.0"/>
  <testcase name="translate moves all paths" classname="io.fabianterhorst.isometric.ShapeTest" time="0.0"/>
  <testcase name="extrude creates 3D shape from 2D path" classname="io.fabianterhorst.isometric.ShapeTest" time="0.0"/>
  <system-out><![CDATA[]]></system-out>
  <system-err><![CDATA[]]></system-err>
</testsuite>
